SF:lib/src/http_interceptor.dart
DA:11,1
DA:16,1
DA:20,3
DA:21,1
DA:26,1
DA:32,3
DA:37,1
DA:38,4
DA:39,1
DA:40,1
DA:41,1
DA:42,1
DA:43,2
DA:44,1
DA:45,1
DA:46,0
DA:47,0
DA:48,1
DA:49,0
DA:50,0
DA:51,0
DA:52,1
DA:53,1
DA:54,2
DA:56,1
DA:57,2
DA:62,1
DA:64,3
DA:66,1
DA:68,3
DA:69,1
LF:31
LH:26
end_of_record
SF:lib/src/http_client.dart
DA:15,0
DA:19,0
DA:28,0
DA:30,0
DA:31,0
DA:32,0
DA:33,0
DA:36,0
DA:39,0
DA:40,0
DA:41,0
DA:42,0
LF:12
LH:0
end_of_record
SF:lib/src/failure.dart
DA:4,1
DA:8,1
DA:12,0
DA:16,0
DA:20,1
DA:24,0
LF:6
LH:3
end_of_record
SF:lib/src/error_response_dto.dart
DA:4,1
DA:8,1
DA:9,1
DA:10,1
LF:4
LH:4
end_of_record
