SF:lib/src/data/datasource/remote_data_source.dart
DA:14,1
DA:16,1
DA:21,2
DA:23,1
DA:25,2
DA:28,2
DA:30,1
DA:31,1
LF:8
LH:8
end_of_record
SF:lib/src/domain/entity/pokedex.dart
DA:37,2
DA:61,2
DA:76,2
DA:91,2
DA:112,2
DA:121,2
DA:136,2
DA:151,2
LF:8
LH:8
end_of_record
SF:lib/src/domain/params/request_all_param.dart
DA:9,1
LF:1
LH:1
end_of_record
SF:lib/src/domain/usecase/request_pokemons_usecase.dart
DA:11,1
DA:13,1
DA:17,3
DA:18,4
DA:19,2
DA:20,1
DA:21,4
DA:22,2
DA:23,1
DA:24,2
DA:25,1
DA:26,2
LF:12
LH:12
end_of_record
SF:lib/src/data/dto/pokedex_dto.dart
DA:13,1
DA:24,1
DA:25,1
DA:26,5
DA:27,1
DA:28,1
DA:29,1
DA:30,5
DA:31,5
DA:32,2
DA:33,5
DA:37,1
DA:38,1
DA:39,5
DA:40,1
DA:41,1
DA:42,1
DA:43,5
DA:44,5
DA:45,2
DA:46,5
DA:55,1
DA:57,1
DA:58,1
DA:59,1
DA:60,2
DA:64,1
DA:65,1
DA:66,1
DA:67,2
DA:76,1
DA:78,1
DA:79,1
DA:80,1
DA:81,1
DA:85,1
DA:86,1
DA:87,1
DA:88,1
DA:97,1
DA:99,1
DA:100,1
DA:101,2
DA:102,1
DA:106,1
DA:107,1
DA:108,2
DA:109,1
DA:118,1
DA:120,1
DA:121,1
DA:122,1
DA:123,2
DA:127,1
DA:128,1
DA:129,1
DA:130,2
DA:139,1
DA:141,1
DA:142,1
DA:143,1
DA:144,1
DA:148,1
DA:149,1
DA:150,1
DA:151,1
DA:160,1
DA:162,1
DA:163,1
DA:164,1
DA:165,1
DA:169,1
DA:170,1
DA:171,1
DA:172,1
DA:181,1
DA:183,1
DA:184,1
DA:185,1
DA:186,1
DA:190,1
DA:191,1
DA:192,1
DA:193,1
LF:84
LH:84
end_of_record
SF:lib/src/data/repository/pokedex_repository_impl.dart
DA:12,1
DA:16,1
DA:18,3
DA:19,1
LF:4
LH:4
end_of_record
