SF:lib/src/data/datasource/local_data_source.dart
DA:27,1
DA:29,1
DA:31,1
DA:32,1
DA:33,1
DA:34,4
DA:35,2
DA:38,1
DA:40,1
DA:41,4
DA:42,1
DA:43,2
DA:44,2
DA:47,1
DA:49,1
DA:52,0
DA:54,0
DA:55,0
DA:58,1
DA:60,2
DA:62,5
DA:63,1
DA:65,0
DA:66,0
DA:72,1
DA:73,2
DA:74,0
DA:78,0
DA:80,0
DA:81,0
DA:82,0
DA:84,0
LF:32
LH:21
end_of_record
SF:lib/src/data/datasource/remote_data_source.dart
DA:14,1
DA:16,1
DA:18,2
DA:19,1
DA:22,2
DA:24,2
DA:26,1
DA:27,1
LF:8
LH:8
end_of_record
SF:lib/src/domain/entity/pokemon.dart
DA:25,0
DA:27,0
DA:30,2
DA:42,1
DA:44,1
DA:45,1
DA:46,1
DA:47,1
DA:48,1
DA:49,1
DA:50,1
DA:51,1
DA:52,6
DA:53,2
DA:55,1
DA:65,2
DA:70,1
DA:72,1
DA:73,1
DA:74,1
DA:97,2
DA:109,1
DA:111,1
DA:112,1
DA:113,1
DA:114,1
DA:115,1
DA:116,1
DA:117,1
DA:118,1
DA:119,1
LF:31
LH:29
end_of_record
SF:lib/src/domain/params/get_favorites_param.dart
DA:8,0
LF:1
LH:0
end_of_record
SF:lib/src/domain/params/check_favorite_param.dart
DA:6,0
LF:1
LH:0
end_of_record
SF:lib/src/domain/params/add_favorite_param.dart
DA:7,0
LF:1
LH:0
end_of_record
SF:lib/src/domain/params/delete_favorite_param.dart
DA:6,0
LF:1
LH:0
end_of_record
SF:lib/src/domain/params/get_favorite_param.dart
DA:6,0
LF:1
LH:0
end_of_record
SF:lib/src/domain/params/request_pokemon_param.dart
DA:6,0
LF:1
LH:0
end_of_record
SF:lib/src/domain/usecase/request_captured_pokemons_usecase.dart
DA:10,0
DA:12,0
DA:16,0
DA:17,0
DA:18,0
DA:19,0
DA:20,0
DA:21,0
DA:23,0
DA:25,0
LF:10
LH:0
end_of_record
SF:lib/src/data/dto/pokemon_dto.dart
DA:14,1
DA:27,1
DA:29,1
DA:30,1
DA:31,2
DA:32,2
DA:33,1
DA:34,1
DA:36,2
DA:38,1
DA:39,1
DA:40,1
DA:41,1
DA:42,1
DA:43,1
DA:44,1
DA:45,1
DA:51,1
DA:52,1
DA:53,1
DA:54,1
DA:55,1
DA:56,1
DA:57,1
DA:58,1
DA:59,1
DA:60,5
DA:61,2
DA:76,1
DA:87,2
DA:88,1
DA:89,1
DA:90,1
DA:91,1
DA:92,1
DA:93,1
DA:94,1
DA:95,1
DA:98,1
DA:99,1
DA:100,1
DA:101,1
DA:102,1
DA:103,1
DA:104,1
DA:105,1
DA:106,1
DA:107,1
DA:116,1
DA:121,1
DA:122,1
DA:123,1
DA:124,1
DA:128,4
LF:54
LH:54
end_of_record
SF:lib/src/data/repository/repository_impl.dart
DA:14,1
DA:20,1
DA:22,1
DA:23,3
DA:25,0
DA:27,0
DA:29,0
DA:31,0
DA:33,0
DA:35,0
DA:37,0
DA:39,0
DA:41,0
DA:43,0
LF:14
LH:4
end_of_record
