SF:lib/features/captured/bloc/captured_bloc.dart
DA:10,1
DA:13,2
DA:16,1
DA:19,2
DA:20,3
DA:21,4
DA:22,1
DA:23,1
DA:24,1
DA:25,2
DA:29,0
DA:30,0
DA:34,1
DA:35,1
DA:36,2
DA:37,2
DA:38,3
DA:44,1
DA:45,1
DA:48,3
DA:49,3
DA:51,2
DA:52,2
DA:53,0
DA:54,0
DA:58,2
DA:59,2
DA:60,1
DA:63,1
LF:29
LH:25
end_of_record
SF:lib/features/captured/bloc/failure.dart
DA:4,0
LF:1
LH:0
end_of_record
SF:lib/features/detail/bloc/pokemon_detail_bloc.dart
DA:10,1
DA:13,2
DA:14,2
DA:15,2
DA:16,2
DA:17,2
DA:20,1
DA:23,2
DA:24,2
DA:25,2
DA:26,4
DA:27,3
DA:29,0
DA:30,0
DA:34,1
DA:37,2
DA:38,2
DA:39,2
DA:40,4
DA:41,3
DA:43,0
DA:44,0
DA:48,1
DA:51,2
DA:52,2
DA:53,2
DA:54,4
DA:55,3
DA:57,0
DA:58,0
DA:62,1
DA:64,2
DA:65,2
DA:66,2
DA:67,4
DA:68,3
DA:70,0
DA:71,0
DA:75,1
DA:78,2
DA:79,2
DA:80,2
DA:81,4
DA:82,3
DA:84,0
DA:85,0
LF:46
LH:36
end_of_record
SF:lib/features/detail/bloc/failure.dart
DA:4,0
LF:1
LH:0
end_of_record
SF:lib/features/encyclopedia/bloc/encyclopedia_bloc.dart
DA:10,1
DA:13,2
DA:16,1
DA:19,2
DA:20,1
DA:21,2
DA:22,1
DA:23,3
DA:24,3
DA:26,0
DA:27,0
LF:11
LH:9
end_of_record
SF:lib/features/encyclopedia/bloc/failure.dart
DA:4,0
LF:1
LH:0
end_of_record
